<?xml version="1.0" encoding="UTF-8"?>
<testsuite xmlns:xsi="http://www.w3.org/2001/XMLSchema-instance" xsi:noNamespaceSchemaLocation="https://maven.apache.org/surefire/maven-surefire-plugin/xsd/surefire-test-report.xsd" version="3.0.2" name="TestSuite" time="271.821" tests="40" errors="0" skipped="0" failures="0">
  <properties>
    <property name="java.specification.version" value="17"/>
    <property name="sun.cpu.isalist" value="amd64"/>
    <property name="sun.jnu.encoding" value="Cp1252"/>
    <property name="java.class.path" value="C:\Users\2373652\eclipse-workspace\Hackathon\target\test-classes;C:\Users\2373652\eclipse-workspace\Hackathon\target\classes;C:\Users\2373652\.m2\repository\org\seleniumhq\selenium\selenium-java\4.27.0\selenium-java-4.27.0.jar;C:\Users\2373652\.m2\repository\org\seleniumhq\selenium\selenium-api\4.27.0\selenium-api-4.27.0.jar;C:\Users\2373652\.m2\repository\org\jspecify\jspecify\1.0.0\jspecify-1.0.0.jar;C:\Users\2373652\.m2\repository\org\seleniumhq\selenium\selenium-chrome-driver\4.27.0\selenium-chrome-driver-4.27.0.jar;C:\Users\2373652\.m2\repository\com\google\auto\service\auto-service-annotations\1.1.1\auto-service-annotations-1.1.1.jar;C:\Users\2373652\.m2\repository\org\seleniumhq\selenium\selenium-chromium-driver\4.27.0\selenium-chromium-driver-4.27.0.jar;C:\Users\2373652\.m2\repository\org\seleniumhq\selenium\selenium-json\4.27.0\selenium-json-4.27.0.jar;C:\Users\2373652\.m2\repository\org\seleniumhq\selenium\selenium-manager\4.27.0\selenium-manager-4.27.0.jar;C:\Users\2373652\.m2\repository\org\seleniumhq\selenium\selenium-devtools-v129\4.27.0\selenium-devtools-v129-4.27.0.jar;C:\Users\2373652\.m2\repository\org\seleniumhq\selenium\selenium-devtools-v130\4.27.0\selenium-devtools-v130-4.27.0.jar;C:\Users\2373652\.m2\repository\org\seleniumhq\selenium\selenium-devtools-v131\4.27.0\selenium-devtools-v131-4.27.0.jar;C:\Users\2373652\.m2\repository\org\seleniumhq\selenium\selenium-devtools-v85\4.27.0\selenium-devtools-v85-4.27.0.jar;C:\Users\2373652\.m2\repository\org\seleniumhq\selenium\selenium-edge-driver\4.27.0\selenium-edge-driver-4.27.0.jar;C:\Users\2373652\.m2\repository\org\seleniumhq\selenium\selenium-firefox-driver\4.27.0\selenium-firefox-driver-4.27.0.jar;C:\Users\2373652\.m2\repository\org\seleniumhq\selenium\selenium-http\4.27.0\selenium-http-4.27.0.jar;C:\Users\2373652\.m2\repository\dev\failsafe\failsafe\3.3.2\failsafe-3.3.2.jar;C:\Users\2373652\.m2\repository\org\seleniumhq\selenium\selenium-ie-driver\4.27.0\selenium-ie-driver-4.27.0.jar;C:\Users\2373652\.m2\repository\org\seleniumhq\selenium\selenium-remote-driver\4.27.0\selenium-remote-driver-4.27.0.jar;C:\Users\2373652\.m2\repository\com\google\guava\guava\33.3.1-jre\guava-33.3.1-jre.jar;C:\Users\2373652\.m2\repository\com\google\guava\failureaccess\1.0.2\failureaccess-1.0.2.jar;C:\Users\2373652\.m2\repository\com\google\guava\listenablefuture\9999.0-empty-to-avoid-conflict-with-guava\listenablefuture-9999.0-empty-to-avoid-conflict-with-guava.jar;C:\Users\2373652\.m2\repository\com\google\code\findbugs\jsr305\3.0.2\jsr305-3.0.2.jar;C:\Users\2373652\.m2\repository\org\checkerframework\checker-qual\3.43.0\checker-qual-3.43.0.jar;C:\Users\2373652\.m2\repository\com\google\errorprone\error_prone_annotations\2.28.0\error_prone_annotations-2.28.0.jar;C:\Users\2373652\.m2\repository\com\google\j2objc\j2objc-annotations\3.0.0\j2objc-annotations-3.0.0.jar;C:\Users\2373652\.m2\repository\io\opentelemetry\semconv\opentelemetry-semconv\1.25.0-alpha\opentelemetry-semconv-1.25.0-alpha.jar;C:\Users\2373652\.m2\repository\io\opentelemetry\opentelemetry-api\1.44.1\opentelemetry-api-1.44.1.jar;C:\Users\2373652\.m2\repository\io\opentelemetry\opentelemetry-context\1.44.1\opentelemetry-context-1.44.1.jar;C:\Users\2373652\.m2\repository\io\opentelemetry\opentelemetry-exporter-logging\1.44.1\opentelemetry-exporter-logging-1.44.1.jar;C:\Users\2373652\.m2\repository\io\opentelemetry\opentelemetry-sdk-common\1.44.1\opentelemetry-sdk-common-1.44.1.jar;C:\Users\2373652\.m2\repository\io\opentelemetry\opentelemetry-sdk-extension-autoconfigure-spi\1.44.1\opentelemetry-sdk-extension-autoconfigure-spi-1.44.1.jar;C:\Users\2373652\.m2\repository\io\opentelemetry\opentelemetry-sdk-extension-autoconfigure\1.44.1\opentelemetry-sdk-extension-autoconfigure-1.44.1.jar;C:\Users\2373652\.m2\repository\io\opentelemetry\opentelemetry-api-incubator\1.44.1-alpha\opentelemetry-api-incubator-1.44.1-alpha.jar;C:\Users\2373652\.m2\repository\io\opentelemetry\opentelemetry-sdk-trace\1.44.1\opentelemetry-sdk-trace-1.44.1.jar;C:\Users\2373652\.m2\repository\io\opentelemetry\opentelemetry-sdk\1.44.1\opentelemetry-sdk-1.44.1.jar;C:\Users\2373652\.m2\repository\io\opentelemetry\opentelemetry-sdk-metrics\1.44.1\opentelemetry-sdk-metrics-1.44.1.jar;C:\Users\2373652\.m2\repository\io\opentelemetry\opentelemetry-sdk-logs\1.44.1\opentelemetry-sdk-logs-1.44.1.jar;C:\Users\2373652\.m2\repository\net\bytebuddy\byte-buddy\1.15.10\byte-buddy-1.15.10.jar;C:\Users\2373652\.m2\repository\org\seleniumhq\selenium\selenium-os\4.27.0\selenium-os-4.27.0.jar;C:\Users\2373652\.m2\repository\org\apache\commons\commons-exec\1.4.0\commons-exec-1.4.0.jar;C:\Users\2373652\.m2\repository\org\seleniumhq\selenium\selenium-safari-driver\4.27.0\selenium-safari-driver-4.27.0.jar;C:\Users\2373652\.m2\repository\org\seleniumhq\selenium\selenium-support\4.27.0\selenium-support-4.27.0.jar;C:\Users\2373652\.m2\repository\org\slf4j\slf4j-api\1.7.5\slf4j-api-1.7.5.jar;C:\Users\2373652\.m2\repository\org\slf4j\slf4j-log4j12\1.7.5\slf4j-log4j12-1.7.5.jar;C:\Users\2373652\.m2\repository\log4j\log4j\1.2.17\log4j-1.2.17.jar;C:\Users\2373652\.m2\repository\org\apache\poi\poi\5.2.5\poi-5.2.5.jar;C:\Users\2373652\.m2\repository\commons-codec\commons-codec\1.16.0\commons-codec-1.16.0.jar;C:\Users\2373652\.m2\repository\org\apache\commons\commons-collections4\4.4\commons-collections4-4.4.jar;C:\Users\2373652\.m2\repository\org\apache\commons\commons-math3\3.6.1\commons-math3-3.6.1.jar;C:\Users\2373652\.m2\repository\commons-io\commons-io\2.15.0\commons-io-2.15.0.jar;C:\Users\2373652\.m2\repository\com\zaxxer\SparseBitSet\1.3\SparseBitSet-1.3.jar;C:\Users\2373652\.m2\repository\org\apache\logging\log4j\log4j-api\2.21.1\log4j-api-2.21.1.jar;C:\Users\2373652\.m2\repository\org\apache\poi\poi-ooxml\5.2.5\poi-ooxml-5.2.5.jar;C:\Users\2373652\.m2\repository\org\apache\poi\poi-ooxml-lite\5.2.5\poi-ooxml-lite-5.2.5.jar;C:\Users\2373652\.m2\repository\org\apache\xmlbeans\xmlbeans\5.2.0\xmlbeans-5.2.0.jar;C:\Users\2373652\.m2\repository\org\apache\commons\commons-compress\1.25.0\commons-compress-1.25.0.jar;C:\Users\2373652\.m2\repository\com\github\virtuald\curvesapi\1.08\curvesapi-1.08.jar;C:\Users\2373652\.m2\repository\org\testng\testng\7.9.0\testng-7.9.0.jar;C:\Users\2373652\.m2\repository\com\beust\jcommander\1.82\jcommander-1.82.jar;C:\Users\2373652\.m2\repository\org\webjars\jquery\3.7.1\jquery-3.7.1.jar;C:\Users\2373652\.m2\repository\com\aventstack\extentreports\5.1.2\extentreports-5.1.2.jar;C:\Users\2373652\.m2\repository\io\reactivex\rxjava3\rxjava\3.1.6\rxjava-3.1.6.jar;C:\Users\2373652\.m2\repository\org\reactivestreams\reactive-streams\1.0.4\reactive-streams-1.0.4.jar;C:\Users\2373652\.m2\repository\org\freemarker\freemarker\2.3.32\freemarker-2.3.32.jar;C:\Users\2373652\.m2\repository\org\projectlombok\lombok\1.18.26\lombok-1.18.26.jar;C:\Users\2373652\.m2\repository\com\google\code\gson\gson\2.10.1\gson-2.10.1.jar;"/>
    <property name="java.vm.vendor" value="Eclipse Adoptium"/>
    <property name="sun.arch.data.model" value="64"/>
    <property name="user.variant" value=""/>
    <property name="java.vendor.url" value="https://adoptium.net/"/>
    <property name="user.timezone" value="Asia/Calcutta"/>
    <property name="os.name" value="Windows 11"/>
    <property name="java.vm.specification.version" value="17"/>
    <property name="sun.java.launcher" value="SUN_STANDARD"/>
    <property name="user.country" value="IN"/>
    <property name="sun.boot.library.path" value="C:\Users\2373652\.p2\pool\plugins\org.eclipse.justj.openjdk.hotspot.jre.full.win32.x86_64_17.0.13.v20241023-1126\jre\bin"/>
    <property name="sun.java.command" value="C:\Users\2373652\AppData\Local\Temp\surefire2284282876116150144\surefirebooter-20250113101923820_3.jar C:\Users\2373652\AppData\Local\Temp\surefire2284282876116150144 2025-01-13T10-19-23_635-jvmRun1 surefire-20250113101923820_1tmp surefire_0-20250113101923820_2tmp"/>
    <property name="jdk.debug" value="release"/>
    <property name="surefire.test.class.path" value="C:\Users\2373652\eclipse-workspace\Hackathon\target\test-classes;C:\Users\2373652\eclipse-workspace\Hackathon\target\classes;C:\Users\2373652\.m2\repository\org\seleniumhq\selenium\selenium-java\4.27.0\selenium-java-4.27.0.jar;C:\Users\2373652\.m2\repository\org\seleniumhq\selenium\selenium-api\4.27.0\selenium-api-4.27.0.jar;C:\Users\2373652\.m2\repository\org\jspecify\jspecify\1.0.0\jspecify-1.0.0.jar;C:\Users\2373652\.m2\repository\org\seleniumhq\selenium\selenium-chrome-driver\4.27.0\selenium-chrome-driver-4.27.0.jar;C:\Users\2373652\.m2\repository\com\google\auto\service\auto-service-annotations\1.1.1\auto-service-annotations-1.1.1.jar;C:\Users\2373652\.m2\repository\org\seleniumhq\selenium\selenium-chromium-driver\4.27.0\selenium-chromium-driver-4.27.0.jar;C:\Users\2373652\.m2\repository\org\seleniumhq\selenium\selenium-json\4.27.0\selenium-json-4.27.0.jar;C:\Users\2373652\.m2\repository\org\seleniumhq\selenium\selenium-manager\4.27.0\selenium-manager-4.27.0.jar;C:\Users\2373652\.m2\repository\org\seleniumhq\selenium\selenium-devtools-v129\4.27.0\selenium-devtools-v129-4.27.0.jar;C:\Users\2373652\.m2\repository\org\seleniumhq\selenium\selenium-devtools-v130\4.27.0\selenium-devtools-v130-4.27.0.jar;C:\Users\2373652\.m2\repository\org\seleniumhq\selenium\selenium-devtools-v131\4.27.0\selenium-devtools-v131-4.27.0.jar;C:\Users\2373652\.m2\repository\org\seleniumhq\selenium\selenium-devtools-v85\4.27.0\selenium-devtools-v85-4.27.0.jar;C:\Users\2373652\.m2\repository\org\seleniumhq\selenium\selenium-edge-driver\4.27.0\selenium-edge-driver-4.27.0.jar;C:\Users\2373652\.m2\repository\org\seleniumhq\selenium\selenium-firefox-driver\4.27.0\selenium-firefox-driver-4.27.0.jar;C:\Users\2373652\.m2\repository\org\seleniumhq\selenium\selenium-http\4.27.0\selenium-http-4.27.0.jar;C:\Users\2373652\.m2\repository\dev\failsafe\failsafe\3.3.2\failsafe-3.3.2.jar;C:\Users\2373652\.m2\repository\org\seleniumhq\selenium\selenium-ie-driver\4.27.0\selenium-ie-driver-4.27.0.jar;C:\Users\2373652\.m2\repository\org\seleniumhq\selenium\selenium-remote-driver\4.27.0\selenium-remote-driver-4.27.0.jar;C:\Users\2373652\.m2\repository\com\google\guava\guava\33.3.1-jre\guava-33.3.1-jre.jar;C:\Users\2373652\.m2\repository\com\google\guava\failureaccess\1.0.2\failureaccess-1.0.2.jar;C:\Users\2373652\.m2\repository\com\google\guava\listenablefuture\9999.0-empty-to-avoid-conflict-with-guava\listenablefuture-9999.0-empty-to-avoid-conflict-with-guava.jar;C:\Users\2373652\.m2\repository\com\google\code\findbugs\jsr305\3.0.2\jsr305-3.0.2.jar;C:\Users\2373652\.m2\repository\org\checkerframework\checker-qual\3.43.0\checker-qual-3.43.0.jar;C:\Users\2373652\.m2\repository\com\google\errorprone\error_prone_annotations\2.28.0\error_prone_annotations-2.28.0.jar;C:\Users\2373652\.m2\repository\com\google\j2objc\j2objc-annotations\3.0.0\j2objc-annotations-3.0.0.jar;C:\Users\2373652\.m2\repository\io\opentelemetry\semconv\opentelemetry-semconv\1.25.0-alpha\opentelemetry-semconv-1.25.0-alpha.jar;C:\Users\2373652\.m2\repository\io\opentelemetry\opentelemetry-api\1.44.1\opentelemetry-api-1.44.1.jar;C:\Users\2373652\.m2\repository\io\opentelemetry\opentelemetry-context\1.44.1\opentelemetry-context-1.44.1.jar;C:\Users\2373652\.m2\repository\io\opentelemetry\opentelemetry-exporter-logging\1.44.1\opentelemetry-exporter-logging-1.44.1.jar;C:\Users\2373652\.m2\repository\io\opentelemetry\opentelemetry-sdk-common\1.44.1\opentelemetry-sdk-common-1.44.1.jar;C:\Users\2373652\.m2\repository\io\opentelemetry\opentelemetry-sdk-extension-autoconfigure-spi\1.44.1\opentelemetry-sdk-extension-autoconfigure-spi-1.44.1.jar;C:\Users\2373652\.m2\repository\io\opentelemetry\opentelemetry-sdk-extension-autoconfigure\1.44.1\opentelemetry-sdk-extension-autoconfigure-1.44.1.jar;C:\Users\2373652\.m2\repository\io\opentelemetry\opentelemetry-api-incubator\1.44.1-alpha\opentelemetry-api-incubator-1.44.1-alpha.jar;C:\Users\2373652\.m2\repository\io\opentelemetry\opentelemetry-sdk-trace\1.44.1\opentelemetry-sdk-trace-1.44.1.jar;C:\Users\2373652\.m2\repository\io\opentelemetry\opentelemetry-sdk\1.44.1\opentelemetry-sdk-1.44.1.jar;C:\Users\2373652\.m2\repository\io\opentelemetry\opentelemetry-sdk-metrics\1.44.1\opentelemetry-sdk-metrics-1.44.1.jar;C:\Users\2373652\.m2\repository\io\opentelemetry\opentelemetry-sdk-logs\1.44.1\opentelemetry-sdk-logs-1.44.1.jar;C:\Users\2373652\.m2\repository\net\bytebuddy\byte-buddy\1.15.10\byte-buddy-1.15.10.jar;C:\Users\2373652\.m2\repository\org\seleniumhq\selenium\selenium-os\4.27.0\selenium-os-4.27.0.jar;C:\Users\2373652\.m2\repository\org\apache\commons\commons-exec\1.4.0\commons-exec-1.4.0.jar;C:\Users\2373652\.m2\repository\org\seleniumhq\selenium\selenium-safari-driver\4.27.0\selenium-safari-driver-4.27.0.jar;C:\Users\2373652\.m2\repository\org\seleniumhq\selenium\selenium-support\4.27.0\selenium-support-4.27.0.jar;C:\Users\2373652\.m2\repository\org\slf4j\slf4j-api\1.7.5\slf4j-api-1.7.5.jar;C:\Users\2373652\.m2\repository\org\slf4j\slf4j-log4j12\1.7.5\slf4j-log4j12-1.7.5.jar;C:\Users\2373652\.m2\repository\log4j\log4j\1.2.17\log4j-1.2.17.jar;C:\Users\2373652\.m2\repository\org\apache\poi\poi\5.2.5\poi-5.2.5.jar;C:\Users\2373652\.m2\repository\commons-codec\commons-codec\1.16.0\commons-codec-1.16.0.jar;C:\Users\2373652\.m2\repository\org\apache\commons\commons-collections4\4.4\commons-collections4-4.4.jar;C:\Users\2373652\.m2\repository\org\apache\commons\commons-math3\3.6.1\commons-math3-3.6.1.jar;C:\Users\2373652\.m2\repository\commons-io\commons-io\2.15.0\commons-io-2.15.0.jar;C:\Users\2373652\.m2\repository\com\zaxxer\SparseBitSet\1.3\SparseBitSet-1.3.jar;C:\Users\2373652\.m2\repository\org\apache\logging\log4j\log4j-api\2.21.1\log4j-api-2.21.1.jar;C:\Users\2373652\.m2\repository\org\apache\poi\poi-ooxml\5.2.5\poi-ooxml-5.2.5.jar;C:\Users\2373652\.m2\repository\org\apache\poi\poi-ooxml-lite\5.2.5\poi-ooxml-lite-5.2.5.jar;C:\Users\2373652\.m2\repository\org\apache\xmlbeans\xmlbeans\5.2.0\xmlbeans-5.2.0.jar;C:\Users\2373652\.m2\repository\org\apache\commons\commons-compress\1.25.0\commons-compress-1.25.0.jar;C:\Users\2373652\.m2\repository\com\github\virtuald\curvesapi\1.08\curvesapi-1.08.jar;C:\Users\2373652\.m2\repository\org\testng\testng\7.9.0\testng-7.9.0.jar;C:\Users\2373652\.m2\repository\com\beust\jcommander\1.82\jcommander-1.82.jar;C:\Users\2373652\.m2\repository\org\webjars\jquery\3.7.1\jquery-3.7.1.jar;C:\Users\2373652\.m2\repository\com\aventstack\extentreports\5.1.2\extentreports-5.1.2.jar;C:\Users\2373652\.m2\repository\io\reactivex\rxjava3\rxjava\3.1.6\rxjava-3.1.6.jar;C:\Users\2373652\.m2\repository\org\reactivestreams\reactive-streams\1.0.4\reactive-streams-1.0.4.jar;C:\Users\2373652\.m2\repository\org\freemarker\freemarker\2.3.32\freemarker-2.3.32.jar;C:\Users\2373652\.m2\repository\org\projectlombok\lombok\1.18.26\lombok-1.18.26.jar;C:\Users\2373652\.m2\repository\com\google\code\gson\gson\2.10.1\gson-2.10.1.jar;"/>
    <property name="sun.cpu.endian" value="little"/>
    <property name="user.home" value="C:\Users\2373652"/>
    <property name="user.language" value="en"/>
    <property name="java.specification.vendor" value="Oracle Corporation"/>
    <property name="java.version.date" value="2024-10-15"/>
    <property name="java.home" value="C:\Users\2373652\.p2\pool\plugins\org.eclipse.justj.openjdk.hotspot.jre.full.win32.x86_64_17.0.13.v20241023-1126\jre"/>
    <property name="file.separator" value="\"/>
    <property name="style.color" value="always"/>
    <property name="basedir" value="C:\Users\2373652\eclipse-workspace\Hackathon"/>
    <property name="java.vm.compressedOopsMode" value="Zero based"/>
    <property name="line.separator" value="&#10;"/>
    <property name="java.vm.specification.vendor" value="Oracle Corporation"/>
    <property name="java.specification.name" value="Java Platform API Specification"/>
    <property name="surefire.real.class.path" value="C:\Users\2373652\AppData\Local\Temp\surefire2284282876116150144\surefirebooter-20250113101923820_3.jar"/>
    <property name="user.script" value=""/>
    <property name="sun.management.compiler" value="HotSpot 64-Bit Tiered Compilers"/>
    <property name="java.runtime.version" value="17.0.13+11"/>
    <property name="user.name" value="2373652"/>
    <property name="path.separator" value=";"/>
    <property name="os.version" value="10.0"/>
    <property name="java.runtime.name" value="OpenJDK Runtime Environment"/>
    <property name="file.encoding" value="Cp1252"/>
    <property name="java.vm.name" value="OpenJDK 64-Bit Server VM"/>
    <property name="java.vendor.version" value="Temurin-17.0.13+11"/>
    <property name="localRepository" value="C:\Users\2373652\.m2\repository"/>
    <property name="java.vendor.url.bug" value="https://github.com/adoptium/adoptium-support/issues"/>
    <property name="java.io.tmpdir" value="C:\Users\2373652\AppData\Local\Temp\"/>
    <property name="java.version" value="17.0.13"/>
    <property name="user.dir" value="C:\Users\2373652\eclipse-workspace\Hackathon"/>
    <property name="os.arch" value="amd64"/>
    <property name="java.vm.specification.name" value="Java Virtual Machine Specification"/>
    <property name="sun.os.patch.level" value=""/>
    <property name="native.encoding" value="Cp1252"/>
    <property name="java.library.path" value="C:\Users\2373652\.p2\pool\plugins\org.eclipse.justj.openjdk.hotspot.jre.full.win32.x86_64_17.0.13.v20241023-1126\jre\bin;C:\windows\Sun\Java\bin;C:\windows\system32;C:\windows;C:/Users/2373652/.p2/pool/plugins/org.eclipse.justj.openjdk.hotspot.jre.full.win32.x86_64_17.0.13.v20241023-1126/jre/bin/server;C:/Users/2373652/.p2/pool/plugins/org.eclipse.justj.openjdk.hotspot.jre.full.win32.x86_64_17.0.13.v20241023-1126/jre/bin;C:\Program Files\Common Files\Oracle\Java\javapath;C:\windows\system32;C:\windows;C:\windows\System32\Wbem;C:\windows\System32\WindowsPowerShell\v1.0\;C:\windows\System32\OpenSSH\;C:\Program Files\Git\cmd;C:\Users\2373652\AppData\Local\Microsoft\WindowsApps;C:\Users\2373652\AppData\Local\Programs\Microsoft VS Code\bin;;C:\windows\system32;;."/>
    <property name="java.vm.info" value="mixed mode"/>
    <property name="java.vendor" value="Eclipse Adoptium"/>
    <property name="java.vm.version" value="17.0.13+11"/>
    <property name="java.specification.maintenance.version" value="1"/>
    <property name="sun.io.unicode.encoding" value="UnicodeLittle"/>
    <property name="java.class.version" value="61.0"/>
  </properties>
  <testcase name="openWebsite" classname="TestClass.NewTest" time="22.571">
    <system-out><![CDATA[2025-01-13 10:19:25 DEBUG TestNG:82 - suiteXmlPath: "C:\Users\2373652\eclipse-workspace\Hackathon\testng.xml"
]]></system-out>
  </testcase>
  <testcase name="openWebsite" classname="TestClass.NewTest" time="11.654"/>
  <testcase name="locateSearchBox" classname="TestClass.NewTest" time="0.037"/>
  <testcase name="locateSearchBox" classname="TestClass.NewTest" time="0.035"/>
  <testcase name="autoSuggestion" classname="TestClass.NewTest" time="44.254"/>
  <testcase name="autoSuggestion" classname="TestClass.NewTest" time="0.077"/>
  <testcase name="courseLanguageSelection" classname="TestClass.NewTest" time="3.131"/>
  <testcase name="courseLanguageSelection" classname="TestClass.NewTest" time="0.125"/>
  <testcase name="courseLevelSelection" classname="TestClass.NewTest" time="3.149"/>
  <testcase name="courseLevelSelection" classname="TestClass.NewTest" time="0.159"/>
  <testcase name="displayFirstCourseDetails" classname="TestClass.NewTest" time="4.933">
    <system-out><![CDATA[------------- COURSE 1 ---------------

Meta Front-End Developer
4.7
Beginner · Professional Certificate · 3 - 6 Months

--------------------------------------
]]></system-out>
  </testcase>
  <testcase name="displayFirstCourseDetails" classname="TestClass.NewTest" time="0.108">
    <system-out><![CDATA[------------- COURSE 1 ---------------

Meta Front-End Developer
4.7
Beginner · Professional Certificate · 3 - 6 Months

--------------------------------------
]]></system-out>
  </testcase>
  <testcase name="displaySecondCourseDetails" classname="TestClass.NewTest" time="0.075">
    <system-out><![CDATA[----------- COURSE 2 -----------------

Introduction to Web Development
4.7
Beginner · Course · 1 - 4 Weeks

--------------------------------------
]]></system-out>
  </testcase>
  <testcase name="displaySecondCourseDetails" classname="TestClass.NewTest" time="0.084">
    <system-out><![CDATA[----------- COURSE 2 -----------------

Introduction to Web Development
4.7
Beginner · Course · 1 - 4 Weeks

--------------------------------------
]]></system-out>
  </testcase>
  <testcase name="displayListOfLanguages" classname="TestClass.NewTest" time="5.017">
    <system-out><![CDATA[-------------Languages List-----------

English(2,599)
Spanish(1,505)
Arabic(1,370)
French(1,340)
Portuguese (Brazil)(1,311)
German(1,294)
Indonesian(1,272)
Japanese(1,257)
Korean(1,252)
Chinese (China)(1,244)
Ukrainian(1,238)
Turkish(1,237)
Thai(1,212)
Italian(1,211)
Hindi(1,209)
Dutch(1,205)
Polish(1,205)
Greek(1,204)
Swedish(1,204)
Russian(1,196)
Kazakh(1,124)
Hungarian(779)
Pushto(154)
Chinese (Traditional)(13)
Vietnamese(10)

--------------------------------------
]]></system-out>
  </testcase>
  <testcase name="displayListOfLanguages" classname="TestClass.NewTest" time="0.185">
    <system-out><![CDATA[-------------Languages List-----------

English(2,599)
Spanish(1,505)
Arabic(1,370)
French(1,340)
Portuguese (Brazil)(1,311)
German(1,294)
Indonesian(1,272)
Japanese(1,257)
Korean(1,252)
Chinese (China)(1,244)
Ukrainian(1,238)
Turkish(1,237)
Thai(1,212)
Italian(1,211)
Hindi(1,209)
Dutch(1,205)
Polish(1,205)
Greek(1,204)
Swedish(1,204)
Russian(1,196)
Kazakh(1,124)
Hungarian(779)
Pushto(154)
Chinese (Traditional)(13)
Vietnamese(10)

--------------------------------------
]]></system-out>
  </testcase>
  <testcase name="displayListOfLevel" classname="TestClass.NewTest" time="0.069">
    <system-out><![CDATA[------------Levels List---------------

Beginner(2,599)
Intermediate(1,704)
Advanced(207)
Mixed(408)

--------------------------------------
]]></system-out>
  </testcase>
  <testcase name="displayListOfLevel" classname="TestClass.NewTest" time="0.066">
    <system-out><![CDATA[------------Levels List---------------

Beginner(2,599)
Intermediate(1,704)
Advanced(207)
Mixed(408)

--------------------------------------
]]></system-out>
  </testcase>
  <testcase name="newTabSwitch" classname="TestClass.NewTest" time="13.832"/>
  <testcase name="newTabSwitch" classname="TestClass.NewTest" time="20.68"/>
  <testcase name="navigateBackToHome" classname="TestClass.NewTest" time="3.48"/>
  <testcase name="navigateBackToHome" classname="TestClass.NewTest" time="3.911"/>
  <testcase name="locateForEnterprise" classname="TestClass.NewTest" time="24.165"/>
  <testcase name="locateForEnterprise" classname="TestClass.NewTest" time="2.111"/>
  <testcase name="locateCourseForCampus" classname="TestClass.NewTest" time="0.359"/>
  <testcase name="locateCourseForCampus" classname="TestClass.NewTest" time="0.438"/>
  <testcase name="errorOnInvalidEmail" classname="TestClass.NewTest" time="16.523">
    <system-out><![CDATA[-------Invalid Email Error msg--------

Must be valid email.
example@yourdomain.com

--------------------------------------
]]></system-out>
    <system-err><![CDATA[ERROR StatusLogger Log4j2 could not find a logging implementation. Please add log4j-core to the classpath. Using SimpleLogger to log to the console...
]]></system-err>
  </testcase>
  <testcase name="errorOnInvalidEmail" classname="TestClass.NewTest" time="2.132">
    <system-out><![CDATA[-------Invalid Email Error msg--------

Must be valid email.
example@yourdomain.com

--------------------------------------
]]></system-out>
  </testcase>
  <testcase name="errorOnInvalidMobile" classname="TestClass.NewTest" time="21.51">
    <system-out><![CDATA[--------Invalid Phone Erro msg--------

Must be a phone number.
503-555-1212

--------------------------------------
]]></system-out>
  </testcase>
  <testcase name="errorOnInvalidMobile" classname="TestClass.NewTest" time="6.172">
    <system-out><![CDATA[--------Invalid Phone Erro msg--------

Must be a phone number.
503-555-1212

--------------------------------------
]]></system-out>
  </testcase>
  <testcase name="errorOnBlankFields" classname="TestClass.NewTest" time="23.326">
    <system-out><![CDATA[--------Empty Fields Error msg--------

This field is required.

--------------------------------------
]]></system-out>
  </testcase>
  <testcase name="errorOnBlankFields" classname="TestClass.NewTest" time="2.072">
    <system-out><![CDATA[--------Empty Fields Error msg--------

This field is required.

--------------------------------------
]]></system-out>
  </testcase>
  <testcase name="locateForm" classname="TestClass.NewTest" time="0.018"/>
  <testcase name="locateForm" classname="TestClass.NewTest" time="0.016"/>
  <testcase name="locateStateOnSelectingIndia" classname="TestClass.NewTest" time="0.019"/>
  <testcase name="locateStateOnSelectingIndia" classname="TestClass.NewTest" time="0.025"/>
  <testcase name="submitFormVerification" classname="TestClass.NewTest" time="21.492">
    <system-out><![CDATA[--------Success Message----------

Success

---------------------------------------
]]></system-out>
  </testcase>
  <testcase name="submitFormVerification" classname="TestClass.NewTest" time="0.815">
    <system-out><![CDATA[--------Success Message----------

Success

---------------------------------------
]]></system-out>
  </testcase>
  <testcase name="takeScreenshot" classname="TestClass.NewTest" time="0.001">
    <system-out><![CDATA[This is 19th test case
]]></system-out>
  </testcase>
  <testcase name="takeScreenshot" classname="TestClass.NewTest" time="0.002">
    <system-out><![CDATA[This is 19th test case
]]></system-out>
  </testcase>
</testsuite>