<?xml version="1.0" encoding="UTF-8"?>
<!-- Generated by org.testng.reporters.JUnitReportReporter -->
<testsuite hostname="LTIN522670" failures="0" tests="44" name="Hackathon.NewTest" time="792.640" errors="0" timestamp="2025-01-10T15:35:18 IST" skipped="0">
  <testcase classname="Hackathon.NewTest" name="initializePages" time="0.004"/>
  <testcase classname="Hackathon.NewTest" name="initializePages" time="0.018"/>
  <testcase classname="Hackathon.NewTest" name="openWebsite" time="4.287"/>
  <testcase classname="Hackathon.NewTest" name="openWebsite" time="5.247"/>
  <testcase classname="Hackathon.NewTest" name="locateSearchBox" time="0.268"/>
  <testcase classname="Hackathon.NewTest" name="locateSearchBox" time="1.812"/>
  <testcase classname="Hackathon.NewTest" name="autoSuggestion" time="19.609"/>
  <testcase classname="Hackathon.NewTest" name="autoSuggestion" time="20.777"/>
  <testcase classname="Hackathon.NewTest" name="courseLanguageSelection" time="3.360"/>
  <testcase classname="Hackathon.NewTest" name="courseLanguageSelection" time="3.492"/>
  <testcase classname="Hackathon.NewTest" name="courseLevelSelection" time="3.457"/>
  <testcase classname="Hackathon.NewTest" name="courseLevelSelection" time="3.339"/>
  <testcase classname="Hackathon.NewTest" name="displayFirstCourseDetails" time="5.156"/>
  <testcase classname="Hackathon.NewTest" name="displayFirstCourseDetails" time="5.148"/>
  <testcase classname="Hackathon.NewTest" name="displaySecondCourseDetails" time="0.118"/>
  <testcase classname="Hackathon.NewTest" name="displaySecondCourseDetails" time="0.173"/>
  <testcase classname="Hackathon.NewTest" name="displayListOfLanguages" time="5.216"/>
  <testcase classname="Hackathon.NewTest" name="displayListOfLanguages" time="5.454"/>
  <testcase classname="Hackathon.NewTest" name="displayListOfLevel" time="0.058"/>
  <testcase classname="Hackathon.NewTest" name="displayListOfLevel" time="0.095"/>
  <testcase classname="Hackathon.NewTest" name="newTabSwitch" time="12.820"/>
  <testcase classname="Hackathon.NewTest" name="newTabSwitch" time="12.837"/>
  <testcase classname="Hackathon.NewTest" name="navigateBackToHome" time="35.835"/>
  <testcase classname="Hackathon.NewTest" name="navigateBackToHome" time="35.131"/>
  <testcase classname="Hackathon.NewTest" name="locateForEnterprise" time="41.777"/>
  <testcase classname="Hackathon.NewTest" name="locateForEnterprise" time="76.943"/>
  <testcase classname="Hackathon.NewTest" name="locateCourseForCampus" time="0.472"/>
  <testcase classname="Hackathon.NewTest" name="locateCourseForCampus" time="0.462"/>
  <testcase classname="Hackathon.NewTest" name="locateForm" time="0.001"/>
  <testcase classname="Hackathon.NewTest" name="locateForm" time="0.001"/>
  <testcase classname="Hackathon.NewTest" name="errorOnInvalidEmail" time="40.017"/>
  <testcase classname="Hackathon.NewTest" name="errorOnInvalidEmail" time="39.018"/>
  <testcase classname="Hackathon.NewTest" name="errorOnInvalidMobile" time="50.575"/>
  <testcase classname="Hackathon.NewTest" name="errorOnInvalidMobile" time="43.703"/>
  <testcase classname="Hackathon.NewTest" name="errorOnBlankFields" time="44.161"/>
  <testcase classname="Hackathon.NewTest" name="errorOnBlankFields" time="42.486"/>
  <testcase classname="Hackathon.NewTest" name="locateStateOnSelectingIndia" time="0.039"/>
  <testcase classname="Hackathon.NewTest" name="locateStateOnSelectingIndia" time="0.033"/>
  <testcase classname="Hackathon.NewTest" name="submitFormVerification" time="98.468"/>
  <testcase classname="Hackathon.NewTest" name="submitFormVerification" time="130.770"/>
  <testcase classname="Hackathon.NewTest" name="twentiethCase" time="0.000"/>
  <testcase classname="Hackathon.NewTest" name="takeScreenshot" time="0.001"/>
  <testcase classname="Hackathon.NewTest" name="twentiethCase" time="0.001"/>
  <testcase classname="Hackathon.NewTest" name="takeScreenshot" time="0.001"/>
</testsuite> <!-- Hackathon.NewTest -->
